<?xml version="1.0" encoding="UTF-8"?>
<!-- Generated by org.testng.reporters.JUnitReportReporter -->
<testsuite hostname="DESKTOP-07SVHDQ" failures="0" tests="1" name="jSe.practics_javaScript" time="39.165" errors="0" timestamp="2023-07-12T16:13:38 IST" skipped="0">
  <testcase classname="jSe.practics_javaScript" name="mouseactions" time="39.165"/>
</testsuite> <!-- jSe.practics_javaScript -->
